//=====================================================
Exception code: C0000005 ACCESS_VIOLATION
Fault address:  0058703B 01:0018603B D:\New Soft\hay su dung\CuteFTP 8 Professional\cuteftppro.exe

Registers:
EAX:00351C08
EBX:00000000
ECX:00000013
EDX:0000008B
ESI:0015C640
EDI:00000000
CS:EIP:001B:0058703B
SS:ESP:0023:0012F94C  EBP:0012F960
DS:0023  ES:0023  FS:003B  GS:0000
Flags:00010206

ESP dump:
 0x0000  0x01b1  0x1015650  0x44bc50  0x0000  0x12fa18  0x44bce2  0x0102  0x01a6  0x008b  0x1015650  0x0000  0x1015650  0x0000  0x44bc50  0x600e04  0x0000  0x12fa0c  0x5c09f0  0x0000  0x587894  0x0000  0x01a6  0x008b  0x007b  0x1015650  0x1015650  0x12fa58  0x586530  0x15c640  0x12f988  0x12fa74  0x5de0e0  0x586530  0x12f9f0  0x58655b  0x0000  0x351c08  0x0020  0x1c1c74  0x0000  0x12fa1c  0x77d48709  0x351c08  0x0020  0x1c1c74  0x5e8128  0x0000  0x12faac  0x5de158 

EBP dump:
 0x12fa18  0x44bce2  0x0102  0x01a6  0x008b  0x1015650  0x0000  0x1015650  0x0000  0x44bc50  0x600e04  0x0000  0x12fa0c  0x5c09f0  0x0000  0x587894  0x0000  0x01a6  0x008b  0x007b  0x1015650  0x1015650  0x12fa58  0x586530  0x15c640  0x12f988  0x12fa74  0x5de0e0  0x586530  0x12f9f0  0x58655b  0x0000  0x351c08  0x0020  0x1c1c74  0x0000  0x12fa1c  0x77d48709  0x351c08  0x0020  0x1c1c74  0x5e8128  0x0000  0x12faac  0x5de158  0xffffffff  0x12fa38  0x587426  0x007b  0x0000 

IP dump:
 0x8b4f0450  0x6a00ff75  0x10894e54  0xff750cff  0x7508ff77  0x04ff158c  0x285e008b  0x4dfc895e  0x50894e54  0x5f5e5bc9  0xc2140053  0x568b7424  0x0c57ff76  0x04ff15b4  0x285e008b  0xd833ff85  0xdb7e3957  0xff7604ff  0x1580285e  0x0050e800  0x4c000085  0xc07410ff  0x74241450  0xe8caffff  0xff85c075  0x19eb1057  0xff7604ff  0x155c285e  0x003b4424  0x14740d47  0x3bfb7cc7  0x33c05f5e  0x5bc20800  0xff7604e8  0xdc4b0000  0xebf0568b  0x74240c57  0x8bf9833e  0x01754068  0xee805a00  0xb92cd46e  0x00e89840  0x02008b4f  0x1c394850  0x7505ff70  0x54eb0851  0xff15f027  0x5e0050e8  0x8f4b0000  0xff760850 

Call stack:
Address   Frame     Logical addr  Module
0058703B  0012F960  0001:0018603B D:\New Soft\hay su dung\CuteFTP 8 Professional\cuteftppro.exe
0044BCE2  0012FA18  0001:0004ACE2 D:\New Soft\hay su dung\CuteFTP 8 Professional\cuteftppro.exe
00587426  0012FA38  0001:00186426 D:\New Soft\hay su dung\CuteFTP 8 Professional\cuteftppro.exe
00593B75  0012FA58  0001:00192B75 D:\New Soft\hay su dung\CuteFTP 8 Professional\cuteftppro.exe
00586353  0012FAB8  0001:00185353 D:\New Soft\hay su dung\CuteFTP 8 Professional\cuteftppro.exe
0058655B  0012FAD4  0001:0018555B D:\New Soft\hay su dung\CuteFTP 8 Professional\cuteftppro.exe
77D48709  0012FB00  0001:00007709 C:\WINDOWS\system32\USER32.dll
77D487EB  0012FB68  0001:000077EB C:\WINDOWS\system32\USER32.dll
77D4B743  0012FBA4  0001:0000A743 C:\WINDOWS\system32\USER32.dll
77D4E2F7  0012FBC4  0001:0000D2F7 C:\WINDOWS\system32\USER32.dll

//=====================================================
Exception code: C0000005 ACCESS_VIOLATION
Fault address:  0058703B 01:0018603B D:\New Soft\hay su dung\CuteFTP 8 Professional\cuteftppro.exe

Registers:
EAX:00351C08
EBX:00000000
ECX:00000013
EDX:0000008B
ESI:0015C640
EDI:00000000
CS:EIP:001B:0058703B
SS:ESP:0023:0012F94C  EBP:0012F960
DS:0023  ES:0023  FS:003B  GS:0000
Flags:00010206

ESP dump:
 0x0000  0x01b1  0x1015650  0x44bc50  0x0000  0x12fa18  0x44bce2  0x0102  0x01a6  0x008b  0x1015650  0x0000  0x1015650  0x0000  0x44bc50  0x600e04  0x0000  0x12fa0c  0x5c09f0  0x0000  0x587894  0x0000  0x01a6  0x008b  0x007b  0x1015650  0x1015650  0x12fa58  0x586530  0x15c640  0x12f988  0x12fa74  0x5de0e0  0x586530  0x12f9f0  0x58655b  0x0000  0x351c08  0x0020  0x1c1c74  0x0000  0x12fa1c  0x77d48709  0x351c08  0x0020  0x1c1c74  0x5e8128  0x0000  0x12faac  0x5de158 

EBP dump:
 0x12fa18  0x44bce2  0x0102  0x01a6  0x008b  0x1015650  0x0000  0x1015650  0x0000  0x44bc50  0x600e04  0x0000  0x12fa0c  0x5c09f0  0x0000  0x587894  0x0000  0x01a6  0x008b  0x007b  0x1015650  0x1015650  0x12fa58  0x586530  0x15c640  0x12f988  0x12fa74  0x5de0e0  0x586530  0x12f9f0  0x58655b  0x0000  0x351c08  0x0020  0x1c1c74  0x0000  0x12fa1c  0x77d48709  0x351c08  0x0020  0x1c1c74  0x5e8128  0x0000  0x12faac  0x5de158  0xffffffff  0x12fa38  0x587426  0x007b  0x0000 

IP dump:
 0x8b4f0450  0x6a00ff75  0x10894e54  0xff750cff  0x7508ff77  0x04ff158c  0x285e008b  0x4dfc895e  0x50894e54  0x5f5e5bc9  0xc2140053  0x568b7424  0x0c57ff76  0x04ff15b4  0x285e008b  0xd833ff85  0xdb7e3957  0xff7604ff  0x1580285e  0x0050e800  0x4c000085  0xc07410ff  0x74241450  0xe8caffff  0xff85c075  0x19eb1057  0xff7604ff  0x155c285e  0x003b4424  0x14740d47  0x3bfb7cc7  0x33c05f5e  0x5bc20800  0xff7604e8  0xdc4b0000  0xebf0568b  0x74240c57  0x8bf9833e  0x01754068  0xee805a00  0xb92cd46e  0x00e89840  0x02008b4f  0x1c394850  0x7505ff70  0x54eb0851  0xff15f027  0x5e0050e8  0x8f4b0000  0xff760850 

Call stack:
Address   Frame     Logical addr  Module
0058703B  0012F960  0001:0018603B D:\New Soft\hay su dung\CuteFTP 8 Professional\cuteftppro.exe
0044BCE2  0012FA18  0001:0004ACE2 D:\New Soft\hay su dung\CuteFTP 8 Professional\cuteftppro.exe
00587426  0012FA38  0001:00186426 D:\New Soft\hay su dung\CuteFTP 8 Professional\cuteftppro.exe
00593B75  0012FA58  0001:00192B75 D:\New Soft\hay su dung\CuteFTP 8 Professional\cuteftppro.exe
00586353  0012FAB8  0001:00185353 D:\New Soft\hay su dung\CuteFTP 8 Professional\cuteftppro.exe
0058655B  0012FAD4  0001:0018555B D:\New Soft\hay su dung\CuteFTP 8 Professional\cuteftppro.exe
77D48709  0012FB00  0001:00007709 C:\WINDOWS\system32\USER32.dll
77D487EB  0012FB68  0001:000077EB C:\WINDOWS\system32\USER32.dll
77D4B743  0012FBA4  0001:0000A743 C:\WINDOWS\system32\USER32.dll
77D4E2F7  0012FBC4  0001:0000D2F7 C:\WINDOWS\system32\USER32.dll

